<?xml version="1.0" encoding="UTF-8"?>
<testng-results ignored="0" total="8" passed="7" failed="1" skipped="0">
  <reporter-output>
  </reporter-output>
  <suite started-at="2026-02-19T14:08:28 GMT+04:00" name="YouTrack Selenium Tests Suite" finished-at="2026-02-19T14:09:37 GMT+04:00" duration-ms="69137">
    <groups>
    </groups>
    <test started-at="2026-02-19T14:08:28 GMT+04:00" name="Login Positive Tests" finished-at="2026-02-19T14:08:32 GMT+04:00" duration-ms="3831">
      <class name="tests.LoginPositiveTest">
        <test-method is-config="true" signature="setUp()[pri:0, instance:tests.LoginPositiveTest@4f6ee6e4]" started-at="2026-02-19T14:08:28 GMT+04:00" name="setUp" finished-at="2026-02-19T14:08:30 GMT+04:00" duration-ms="2136" status="PASS">
          <reporter-output>
          </reporter-output>
        </test-method> <!-- setUp -->
        <test-method signature="testSuccessfulLogin()[pri:0, instance:tests.LoginPositiveTest@4f6ee6e4]" started-at="2026-02-19T14:08:30 GMT+04:00" name="testSuccessfulLogin" description="Позитивный тест: Успешная аутентификация" finished-at="2026-02-19T14:08:31 GMT+04:00" duration-ms="1466" status="PASS">
          <reporter-output>
          </reporter-output>
        </test-method> <!-- testSuccessfulLogin -->
        <test-method is-config="true" signature="tearDown(org.testng.ITestResult)[pri:0, instance:tests.LoginPositiveTest@4f6ee6e4]" started-at="2026-02-19T14:08:31 GMT+04:00" name="tearDown" finished-at="2026-02-19T14:08:32 GMT+04:00" duration-ms="191" status="PASS">
          <params>
            <param index="0">
              <value>
                <![CDATA[[TestResult name=testSuccessfulLogin status=SUCCESS method=LoginPositiveTest.testSuccessfulLogin()[pri:0, instance:tests.LoginPositiveTest@4f6ee6e4] output={null}]]]>
              </value>
            </param>
          </params>
          <reporter-output>
          </reporter-output>
        </test-method> <!-- tearDown -->
      </class> <!-- tests.LoginPositiveTest -->
    </test> <!-- Login Positive Tests -->
    <test started-at="2026-02-19T14:08:32 GMT+04:00" name="Login Negative Tests" finished-at="2026-02-19T14:09:21 GMT+04:00" duration-ms="49158">
      <class name="tests.LoginNegativeTest">
        <test-method is-config="true" signature="setUp()[pri:0, instance:tests.LoginNegativeTest@7cc0cdad]" started-at="2026-02-19T14:08:32 GMT+04:00" name="setUp" finished-at="2026-02-19T14:08:33 GMT+04:00" duration-ms="1336" status="PASS">
          <reporter-output>
          </reporter-output>
        </test-method> <!-- setUp -->
        <test-method signature="testFailedLogin(java.lang.String,java.lang.String)[pri:0, instance:tests.LoginNegativeTest@7cc0cdad]" started-at="2026-02-19T14:08:33 GMT+04:00" name="testFailedLogin" description="Негативный тест: Аутентификация с неверными данными" data-provider="invalidLoginData" finished-at="2026-02-19T14:08:44 GMT+04:00" duration-ms="10746" status="PASS">
          <params>
            <param index="0">
              <value>
                <![CDATA[invalid_user]]>
              </value>
            </param>
            <param index="1">
              <value>
                <![CDATA[wrong_password]]>
              </value>
            </param>
          </params>
          <reporter-output>
          </reporter-output>
        </test-method> <!-- testFailedLogin -->
        <test-method is-config="true" signature="tearDown(org.testng.ITestResult)[pri:0, instance:tests.LoginNegativeTest@7cc0cdad]" started-at="2026-02-19T14:08:44 GMT+04:00" name="tearDown" finished-at="2026-02-19T14:08:44 GMT+04:00" duration-ms="159" status="PASS">
          <params>
            <param index="0">
              <value>
                <![CDATA[[TestResult name=testFailedLogin status=SUCCESS method=LoginNegativeTest.testFailedLogin(java.lang.String,java.lang.String)[pri:0, instance:tests.LoginNegativeTest@7cc0cdad] output={null}]]]>
              </value>
            </param>
          </params>
          <reporter-output>
          </reporter-output>
        </test-method> <!-- tearDown -->
        <test-method is-config="true" signature="setUp()[pri:0, instance:tests.LoginNegativeTest@7cc0cdad]" started-at="2026-02-19T14:08:44 GMT+04:00" name="setUp" finished-at="2026-02-19T14:08:45 GMT+04:00" duration-ms="1343" status="PASS">
          <reporter-output>
          </reporter-output>
        </test-method> <!-- setUp -->
        <test-method signature="testFailedLogin(java.lang.String,java.lang.String)[pri:0, instance:tests.LoginNegativeTest@7cc0cdad]" started-at="2026-02-19T14:08:45 GMT+04:00" name="testFailedLogin" description="Негативный тест: Аутентификация с неверными данными" data-provider="invalidLoginData" finished-at="2026-02-19T14:08:56 GMT+04:00" duration-ms="10961" status="PASS">
          <params>
            <param index="0">
              <value>
                <![CDATA[admin]]>
              </value>
            </param>
            <param index="1">
              <value>
                <![CDATA[wrong_password]]>
              </value>
            </param>
          </params>
          <reporter-output>
          </reporter-output>
        </test-method> <!-- testFailedLogin -->
        <test-method is-config="true" signature="tearDown(org.testng.ITestResult)[pri:0, instance:tests.LoginNegativeTest@7cc0cdad]" started-at="2026-02-19T14:08:56 GMT+04:00" name="tearDown" finished-at="2026-02-19T14:08:57 GMT+04:00" duration-ms="285" status="PASS">
          <params>
            <param index="0">
              <value>
                <![CDATA[[TestResult name=testFailedLogin status=SUCCESS method=LoginNegativeTest.testFailedLogin(java.lang.String,java.lang.String)[pri:0, instance:tests.LoginNegativeTest@7cc0cdad] output={null}]]]>
              </value>
            </param>
          </params>
          <reporter-output>
          </reporter-output>
        </test-method> <!-- tearDown -->
        <test-method is-config="true" signature="setUp()[pri:0, instance:tests.LoginNegativeTest@7cc0cdad]" started-at="2026-02-19T14:08:57 GMT+04:00" name="setUp" finished-at="2026-02-19T14:08:58 GMT+04:00" duration-ms="1377" status="PASS">
          <reporter-output>
          </reporter-output>
        </test-method> <!-- setUp -->
        <test-method signature="testFailedLogin(java.lang.String,java.lang.String)[pri:0, instance:tests.LoginNegativeTest@7cc0cdad]" started-at="2026-02-19T14:08:58 GMT+04:00" name="testFailedLogin" description="Негативный тест: Аутентификация с неверными данными" data-provider="invalidLoginData" finished-at="2026-02-19T14:09:09 GMT+04:00" duration-ms="10696" status="PASS">
          <params>
            <param index="0">
              <value>
                <![CDATA[]]>
              </value>
            </param>
            <param index="1">
              <value>
                <![CDATA[admin12]]>
              </value>
            </param>
          </params>
          <reporter-output>
          </reporter-output>
        </test-method> <!-- testFailedLogin -->
        <test-method is-config="true" signature="tearDown(org.testng.ITestResult)[pri:0, instance:tests.LoginNegativeTest@7cc0cdad]" started-at="2026-02-19T14:09:09 GMT+04:00" name="tearDown" finished-at="2026-02-19T14:09:09 GMT+04:00" duration-ms="196" status="PASS">
          <params>
            <param index="0">
              <value>
                <![CDATA[[TestResult name=testFailedLogin status=SUCCESS method=LoginNegativeTest.testFailedLogin(java.lang.String,java.lang.String)[pri:0, instance:tests.LoginNegativeTest@7cc0cdad] output={null}]]]>
              </value>
            </param>
          </params>
          <reporter-output>
          </reporter-output>
        </test-method> <!-- tearDown -->
        <test-method is-config="true" signature="setUp()[pri:0, instance:tests.LoginNegativeTest@7cc0cdad]" started-at="2026-02-19T14:09:09 GMT+04:00" name="setUp" finished-at="2026-02-19T14:09:10 GMT+04:00" duration-ms="1279" status="PASS">
          <reporter-output>
          </reporter-output>
        </test-method> <!-- setUp -->
        <test-method signature="testFailedLogin(java.lang.String,java.lang.String)[pri:0, instance:tests.LoginNegativeTest@7cc0cdad]" started-at="2026-02-19T14:09:10 GMT+04:00" name="testFailedLogin" description="Негативный тест: Аутентификация с неверными данными" data-provider="invalidLoginData" finished-at="2026-02-19T14:09:21 GMT+04:00" duration-ms="10645" status="PASS">
          <params>
            <param index="0">
              <value>
                <![CDATA[admin]]>
              </value>
            </param>
            <param index="1">
              <value>
                <![CDATA[]]>
              </value>
            </param>
          </params>
          <reporter-output>
          </reporter-output>
        </test-method> <!-- testFailedLogin -->
        <test-method is-config="true" signature="tearDown(org.testng.ITestResult)[pri:0, instance:tests.LoginNegativeTest@7cc0cdad]" started-at="2026-02-19T14:09:21 GMT+04:00" name="tearDown" finished-at="2026-02-19T14:09:21 GMT+04:00" duration-ms="120" status="PASS">
          <params>
            <param index="0">
              <value>
                <![CDATA[[TestResult name=testFailedLogin status=SUCCESS method=LoginNegativeTest.testFailedLogin(java.lang.String,java.lang.String)[pri:0, instance:tests.LoginNegativeTest@7cc0cdad] output={null}]]]>
              </value>
            </param>
          </params>
          <reporter-output>
          </reporter-output>
        </test-method> <!-- tearDown -->
      </class> <!-- tests.LoginNegativeTest -->
    </test> <!-- Login Negative Tests -->
    <test started-at="2026-02-19T14:09:21 GMT+04:00" name="Create Issue Positive Tests" finished-at="2026-02-19T14:09:28 GMT+04:00" duration-ms="6896">
      <class name="tests.CreateIssuePositiveTest">
        <test-method is-config="true" signature="setUp()[pri:0, instance:tests.CreateIssuePositiveTest@4c583ecf]" started-at="2026-02-19T14:09:21 GMT+04:00" name="setUp" finished-at="2026-02-19T14:09:22 GMT+04:00" duration-ms="919" status="PASS">
          <reporter-output>
          </reporter-output>
        </test-method> <!-- setUp -->
        <test-method signature="testCreateIssueSuccessfully()[pri:0, instance:tests.CreateIssuePositiveTest@4c583ecf]" started-at="2026-02-19T14:09:22 GMT+04:00" name="testCreateIssueSuccessfully" description="Позитивный тест: Создание новой задачи" finished-at="2026-02-19T14:09:27 GMT+04:00" duration-ms="5707" status="PASS">
          <reporter-output>
          </reporter-output>
        </test-method> <!-- testCreateIssueSuccessfully -->
        <test-method is-config="true" signature="tearDown(org.testng.ITestResult)[pri:0, instance:tests.CreateIssuePositiveTest@4c583ecf]" started-at="2026-02-19T14:09:27 GMT+04:00" name="tearDown" finished-at="2026-02-19T14:09:28 GMT+04:00" duration-ms="265" status="PASS">
          <params>
            <param index="0">
              <value>
                <![CDATA[[TestResult name=testCreateIssueSuccessfully status=SUCCESS method=CreateIssuePositiveTest.testCreateIssueSuccessfully()[pri:0, instance:tests.CreateIssuePositiveTest@4c583ecf] output={null}]]]>
              </value>
            </param>
          </params>
          <reporter-output>
          </reporter-output>
        </test-method> <!-- tearDown -->
      </class> <!-- tests.CreateIssuePositiveTest -->
    </test> <!-- Create Issue Positive Tests -->
    <test started-at="2026-02-19T14:09:28 GMT+04:00" name="Create Issue Negative Tests" finished-at="2026-02-19T14:09:30 GMT+04:00" duration-ms="2719">
      <class name="tests.CreateIssueNegativeTest">
        <test-method is-config="true" signature="setUp()[pri:0, instance:tests.CreateIssueNegativeTest@47eaca72]" started-at="2026-02-19T14:09:28 GMT+04:00" name="setUp" finished-at="2026-02-19T14:09:29 GMT+04:00" duration-ms="1017" status="PASS">
          <reporter-output>
          </reporter-output>
        </test-method> <!-- setUp -->
        <test-method signature="testCreateIssueWithoutRequiredFields()[pri:0, instance:tests.CreateIssueNegativeTest@47eaca72]" started-at="2026-02-19T14:09:29 GMT+04:00" name="testCreateIssueWithoutRequiredFields" description="Негативный тест: Создание задачи без обязательных полей" finished-at="2026-02-19T14:09:30 GMT+04:00" duration-ms="1107" status="FAIL">
          <exception class="java.lang.IllegalMonitorStateException">
            <message>
              <![CDATA[current thread is not owner]]>
            </message>
            <full-stacktrace>
              <![CDATA[java.lang.IllegalMonitorStateException: current thread is not owner
at java.base/java.lang.Object.wait0(Native Method)
at java.base/java.lang.Object.wait(Object.java:378)
at java.base/java.lang.Object.wait(Object.java:352)
at tests.CreateIssueNegativeTest.testCreateIssueWithoutRequiredFields(CreateIssueNegativeTest.java:21)
at java.base/jdk.internal.reflect.DirectMethodHandleAccessor.invoke(DirectMethodHandleAccessor.java:103)
at java.base/java.lang.reflect.Method.invoke(Method.java:580)
at org.testng.internal.invokers.MethodInvocationHelper.invokeMethod(MethodInvocationHelper.java:139)
at org.testng.internal.invokers.TestInvoker.invokeMethod(TestInvoker.java:664)
at org.testng.internal.invokers.TestInvoker.invokeTestMethod(TestInvoker.java:227)
at org.testng.internal.invokers.MethodRunner.runInSequence(MethodRunner.java:50)
at org.testng.internal.invokers.TestInvoker$MethodInvocationAgent.invoke(TestInvoker.java:957)
at org.testng.internal.invokers.TestInvoker.invokeTestMethods(TestInvoker.java:200)
at org.testng.internal.invokers.TestMethodWorker.invokeTestMethods(TestMethodWorker.java:148)
at org.testng.internal.invokers.TestMethodWorker.run(TestMethodWorker.java:128)
at java.base/java.util.concurrent.ThreadPoolExecutor.runWorker(ThreadPoolExecutor.java:1144)
at java.base/java.util.concurrent.ThreadPoolExecutor$Worker.run(ThreadPoolExecutor.java:642)
at java.base/java.lang.Thread.run(Thread.java:1575)
]]>
            </full-stacktrace>
          </exception> <!-- java.lang.IllegalMonitorStateException -->
          <reporter-output>
          </reporter-output>
        </test-method> <!-- testCreateIssueWithoutRequiredFields -->
        <test-method is-config="true" signature="tearDown(org.testng.ITestResult)[pri:0, instance:tests.CreateIssueNegativeTest@47eaca72]" started-at="2026-02-19T14:09:30 GMT+04:00" name="tearDown" finished-at="2026-02-19T14:09:30 GMT+04:00" duration-ms="586" status="PASS">
          <params>
            <param index="0">
              <value>
                <![CDATA[[TestResult name=testCreateIssueWithoutRequiredFields status=FAILURE method=CreateIssueNegativeTest.testCreateIssueWithoutRequiredFields()[pri:0, instance:tests.CreateIssueNegativeTest@47eaca72] output={null}]]]>
              </value>
            </param>
          </params>
          <reporter-output>
          </reporter-output>
        </test-method> <!-- tearDown -->
      </class> <!-- tests.CreateIssueNegativeTest -->
    </test> <!-- Create Issue Negative Tests -->
    <test started-at="2026-02-19T14:09:30 GMT+04:00" name="Create Project Tests" finished-at="2026-02-19T14:09:37 GMT+04:00" duration-ms="6491">
      <class name="tests.CreateProjectTest">
        <test-method is-config="true" signature="setUp()[pri:0, instance:tests.CreateProjectTest@5656be13]" started-at="2026-02-19T14:09:30 GMT+04:00" name="setUp" finished-at="2026-02-19T14:09:32 GMT+04:00" duration-ms="1689" status="PASS">
          <reporter-output>
          </reporter-output>
        </test-method> <!-- setUp -->
        <test-method signature="testCreateProjectSuccessfully()[pri:0, instance:tests.CreateProjectTest@5656be13]" started-at="2026-02-19T14:09:32 GMT+04:00" name="testCreateProjectSuccessfully" description="Позитивный тест: Создание нового проекта" finished-at="2026-02-19T14:09:37 GMT+04:00" duration-ms="4612" status="PASS">
          <reporter-output>
          </reporter-output>
        </test-method> <!-- testCreateProjectSuccessfully -->
        <test-method is-config="true" signature="tearDown(org.testng.ITestResult)[pri:0, instance:tests.CreateProjectTest@5656be13]" started-at="2026-02-19T14:09:37 GMT+04:00" name="tearDown" finished-at="2026-02-19T14:09:37 GMT+04:00" duration-ms="186" status="PASS">
          <params>
            <param index="0">
              <value>
                <![CDATA[[TestResult name=testCreateProjectSuccessfully status=SUCCESS method=CreateProjectTest.testCreateProjectSuccessfully()[pri:0, instance:tests.CreateProjectTest@5656be13] output={null}]]]>
              </value>
            </param>
          </params>
          <reporter-output>
          </reporter-output>
        </test-method> <!-- tearDown -->
      </class> <!-- tests.CreateProjectTest -->
    </test> <!-- Create Project Tests -->
  </suite> <!-- YouTrack Selenium Tests Suite -->
</testng-results>
