<?xml version="1.0" encoding="UTF-8"?>
<testng-results ignored="0" total="8" passed="8" failed="0" skipped="0">
  <reporter-output>
  </reporter-output>
  <suite started-at="2026-02-19T16:02:34 GMT+04:00" name="YouTrack Selenium Tests Suite" finished-at="2026-02-19T16:03:46 GMT+04:00" duration-ms="72089">
    <groups>
    </groups>
    <test started-at="2026-02-19T16:02:34 GMT+04:00" name="Login Positive Tests" finished-at="2026-02-19T16:02:37 GMT+04:00" duration-ms="3858">
      <class name="tests.LoginPositiveTest">
        <test-method is-config="true" signature="setUp()[pri:0, instance:tests.LoginPositiveTest@4f6ee6e4]" started-at="2026-02-19T16:02:34 GMT+04:00" name="setUp" finished-at="2026-02-19T16:02:36 GMT+04:00" duration-ms="2042" status="PASS">
          <reporter-output>
          </reporter-output>
        </test-method> <!-- setUp -->
        <test-method signature="testSuccessfulLogin()[pri:0, instance:tests.LoginPositiveTest@4f6ee6e4]" started-at="2026-02-19T16:02:36 GMT+04:00" name="testSuccessfulLogin" description="Позитивный тест: Успешная аутентификация" finished-at="2026-02-19T16:02:37 GMT+04:00" duration-ms="1447" status="PASS">
          <reporter-output>
          </reporter-output>
        </test-method> <!-- testSuccessfulLogin -->
        <test-method is-config="true" signature="tearDown(org.testng.ITestResult)[pri:0, instance:tests.LoginPositiveTest@4f6ee6e4]" started-at="2026-02-19T16:02:37 GMT+04:00" name="tearDown" finished-at="2026-02-19T16:02:37 GMT+04:00" duration-ms="333" status="PASS">
          <params>
            <param index="0">
              <value>
                <![CDATA[[TestResult name=testSuccessfulLogin status=SUCCESS method=LoginPositiveTest.testSuccessfulLogin()[pri:0, instance:tests.LoginPositiveTest@4f6ee6e4] output={null}]]]>
              </value>
            </param>
          </params>
          <reporter-output>
          </reporter-output>
        </test-method> <!-- tearDown -->
      </class> <!-- tests.LoginPositiveTest -->
    </test> <!-- Login Positive Tests -->
    <test started-at="2026-02-19T16:02:37 GMT+04:00" name="Login Negative Tests" finished-at="2026-02-19T16:03:27 GMT+04:00" duration-ms="49677">
      <class name="tests.LoginNegativeTest">
        <test-method is-config="true" signature="setUp()[pri:0, instance:tests.LoginNegativeTest@7cc0cdad]" started-at="2026-02-19T16:02:37 GMT+04:00" name="setUp" finished-at="2026-02-19T16:02:39 GMT+04:00" duration-ms="1303" status="PASS">
          <reporter-output>
          </reporter-output>
        </test-method> <!-- setUp -->
        <test-method signature="testFailedLogin(java.lang.String,java.lang.String)[pri:0, instance:tests.LoginNegativeTest@7cc0cdad]" started-at="2026-02-19T16:02:39 GMT+04:00" name="testFailedLogin" description="Негативный тест: Аутентификация с неверными данными" data-provider="invalidLoginData" finished-at="2026-02-19T16:02:50 GMT+04:00" duration-ms="10916" status="PASS">
          <params>
            <param index="0">
              <value>
                <![CDATA[invalid_user]]>
              </value>
            </param>
            <param index="1">
              <value>
                <![CDATA[wrong_password]]>
              </value>
            </param>
          </params>
          <reporter-output>
          </reporter-output>
        </test-method> <!-- testFailedLogin -->
        <test-method is-config="true" signature="tearDown(org.testng.ITestResult)[pri:0, instance:tests.LoginNegativeTest@7cc0cdad]" started-at="2026-02-19T16:02:50 GMT+04:00" name="tearDown" finished-at="2026-02-19T16:02:50 GMT+04:00" duration-ms="318" status="PASS">
          <params>
            <param index="0">
              <value>
                <![CDATA[[TestResult name=testFailedLogin status=SUCCESS method=LoginNegativeTest.testFailedLogin(java.lang.String,java.lang.String)[pri:0, instance:tests.LoginNegativeTest@7cc0cdad] output={null}]]]>
              </value>
            </param>
          </params>
          <reporter-output>
          </reporter-output>
        </test-method> <!-- tearDown -->
        <test-method is-config="true" signature="setUp()[pri:0, instance:tests.LoginNegativeTest@7cc0cdad]" started-at="2026-02-19T16:02:50 GMT+04:00" name="setUp" finished-at="2026-02-19T16:02:51 GMT+04:00" duration-ms="947" status="PASS">
          <reporter-output>
          </reporter-output>
        </test-method> <!-- setUp -->
        <test-method signature="testFailedLogin(java.lang.String,java.lang.String)[pri:0, instance:tests.LoginNegativeTest@7cc0cdad]" started-at="2026-02-19T16:02:51 GMT+04:00" name="testFailedLogin" description="Негативный тест: Аутентификация с неверными данными" data-provider="invalidLoginData" finished-at="2026-02-19T16:03:02 GMT+04:00" duration-ms="11383" status="PASS">
          <params>
            <param index="0">
              <value>
                <![CDATA[admin]]>
              </value>
            </param>
            <param index="1">
              <value>
                <![CDATA[wrong_password]]>
              </value>
            </param>
          </params>
          <reporter-output>
          </reporter-output>
        </test-method> <!-- testFailedLogin -->
        <test-method is-config="true" signature="tearDown(org.testng.ITestResult)[pri:0, instance:tests.LoginNegativeTest@7cc0cdad]" started-at="2026-02-19T16:03:02 GMT+04:00" name="tearDown" finished-at="2026-02-19T16:03:03 GMT+04:00" duration-ms="276" status="PASS">
          <params>
            <param index="0">
              <value>
                <![CDATA[[TestResult name=testFailedLogin status=SUCCESS method=LoginNegativeTest.testFailedLogin(java.lang.String,java.lang.String)[pri:0, instance:tests.LoginNegativeTest@7cc0cdad] output={null}]]]>
              </value>
            </param>
          </params>
          <reporter-output>
          </reporter-output>
        </test-method> <!-- tearDown -->
        <test-method is-config="true" signature="setUp()[pri:0, instance:tests.LoginNegativeTest@7cc0cdad]" started-at="2026-02-19T16:03:03 GMT+04:00" name="setUp" finished-at="2026-02-19T16:03:04 GMT+04:00" duration-ms="1320" status="PASS">
          <reporter-output>
          </reporter-output>
        </test-method> <!-- setUp -->
        <test-method signature="testFailedLogin(java.lang.String,java.lang.String)[pri:0, instance:tests.LoginNegativeTest@7cc0cdad]" started-at="2026-02-19T16:03:04 GMT+04:00" name="testFailedLogin" description="Негативный тест: Аутентификация с неверными данными" data-provider="invalidLoginData" finished-at="2026-02-19T16:03:14 GMT+04:00" duration-ms="10593" status="PASS">
          <params>
            <param index="0">
              <value>
                <![CDATA[]]>
              </value>
            </param>
            <param index="1">
              <value>
                <![CDATA[admin12]]>
              </value>
            </param>
          </params>
          <reporter-output>
          </reporter-output>
        </test-method> <!-- testFailedLogin -->
        <test-method is-config="true" signature="tearDown(org.testng.ITestResult)[pri:0, instance:tests.LoginNegativeTest@7cc0cdad]" started-at="2026-02-19T16:03:14 GMT+04:00" name="tearDown" finished-at="2026-02-19T16:03:15 GMT+04:00" duration-ms="320" status="PASS">
          <params>
            <param index="0">
              <value>
                <![CDATA[[TestResult name=testFailedLogin status=SUCCESS method=LoginNegativeTest.testFailedLogin(java.lang.String,java.lang.String)[pri:0, instance:tests.LoginNegativeTest@7cc0cdad] output={null}]]]>
              </value>
            </param>
          </params>
          <reporter-output>
          </reporter-output>
        </test-method> <!-- tearDown -->
        <test-method is-config="true" signature="setUp()[pri:0, instance:tests.LoginNegativeTest@7cc0cdad]" started-at="2026-02-19T16:03:15 GMT+04:00" name="setUp" finished-at="2026-02-19T16:03:16 GMT+04:00" duration-ms="1295" status="PASS">
          <reporter-output>
          </reporter-output>
        </test-method> <!-- setUp -->
        <test-method signature="testFailedLogin(java.lang.String,java.lang.String)[pri:0, instance:tests.LoginNegativeTest@7cc0cdad]" started-at="2026-02-19T16:03:16 GMT+04:00" name="testFailedLogin" description="Негативный тест: Аутентификация с неверными данными" data-provider="invalidLoginData" finished-at="2026-02-19T16:03:27 GMT+04:00" duration-ms="10607" status="PASS">
          <params>
            <param index="0">
              <value>
                <![CDATA[admin]]>
              </value>
            </param>
            <param index="1">
              <value>
                <![CDATA[]]>
              </value>
            </param>
          </params>
          <reporter-output>
          </reporter-output>
        </test-method> <!-- testFailedLogin -->
        <test-method is-config="true" signature="tearDown(org.testng.ITestResult)[pri:0, instance:tests.LoginNegativeTest@7cc0cdad]" started-at="2026-02-19T16:03:27 GMT+04:00" name="tearDown" finished-at="2026-02-19T16:03:27 GMT+04:00" duration-ms="385" status="PASS">
          <params>
            <param index="0">
              <value>
                <![CDATA[[TestResult name=testFailedLogin status=SUCCESS method=LoginNegativeTest.testFailedLogin(java.lang.String,java.lang.String)[pri:0, instance:tests.LoginNegativeTest@7cc0cdad] output={null}]]]>
              </value>
            </param>
          </params>
          <reporter-output>
          </reporter-output>
        </test-method> <!-- tearDown -->
      </class> <!-- tests.LoginNegativeTest -->
    </test> <!-- Login Negative Tests -->
    <test started-at="2026-02-19T16:03:27 GMT+04:00" name="Create Issue Positive Tests" finished-at="2026-02-19T16:03:34 GMT+04:00" duration-ms="6903">
      <class name="tests.CreateIssuePositiveTest">
        <test-method is-config="true" signature="setUp()[pri:0, instance:tests.CreateIssuePositiveTest@4c583ecf]" started-at="2026-02-19T16:03:27 GMT+04:00" name="setUp" finished-at="2026-02-19T16:03:28 GMT+04:00" duration-ms="1343" status="PASS">
          <reporter-output>
          </reporter-output>
        </test-method> <!-- setUp -->
        <test-method signature="testCreateIssueSuccessfully()[pri:0, instance:tests.CreateIssuePositiveTest@4c583ecf]" started-at="2026-02-19T16:03:28 GMT+04:00" name="testCreateIssueSuccessfully" description="Позитивный тест: Создание новой задачи" finished-at="2026-02-19T16:03:34 GMT+04:00" duration-ms="5238" status="PASS">
          <reporter-output>
          </reporter-output>
        </test-method> <!-- testCreateIssueSuccessfully -->
        <test-method is-config="true" signature="tearDown(org.testng.ITestResult)[pri:0, instance:tests.CreateIssuePositiveTest@4c583ecf]" started-at="2026-02-19T16:03:34 GMT+04:00" name="tearDown" finished-at="2026-02-19T16:03:34 GMT+04:00" duration-ms="320" status="PASS">
          <params>
            <param index="0">
              <value>
                <![CDATA[[TestResult name=testCreateIssueSuccessfully status=SUCCESS method=CreateIssuePositiveTest.testCreateIssueSuccessfully()[pri:0, instance:tests.CreateIssuePositiveTest@4c583ecf] output={null}]]]>
              </value>
            </param>
          </params>
          <reporter-output>
          </reporter-output>
        </test-method> <!-- tearDown -->
      </class> <!-- tests.CreateIssuePositiveTest -->
    </test> <!-- Create Issue Positive Tests -->
    <test started-at="2026-02-19T16:03:34 GMT+04:00" name="Create Issue Negative Tests" finished-at="2026-02-19T16:03:40 GMT+04:00" duration-ms="5969">
      <class name="tests.CreateIssueNegativeTest">
        <test-method is-config="true" signature="setUp()[pri:0, instance:tests.CreateIssueNegativeTest@1aafa419]" started-at="2026-02-19T16:03:34 GMT+04:00" name="setUp" finished-at="2026-02-19T16:03:36 GMT+04:00" duration-ms="1585" status="PASS">
          <reporter-output>
          </reporter-output>
        </test-method> <!-- setUp -->
        <test-method signature="testCreateIssueWithoutRequiredFields()[pri:0, instance:tests.CreateIssueNegativeTest@1aafa419]" started-at="2026-02-19T16:03:36 GMT+04:00" name="testCreateIssueWithoutRequiredFields" description="Негативный тест: Создание задачи без обязательных полей" finished-at="2026-02-19T16:03:39 GMT+04:00" duration-ms="3887" status="PASS">
          <reporter-output>
          </reporter-output>
        </test-method> <!-- testCreateIssueWithoutRequiredFields -->
        <test-method is-config="true" signature="tearDown(org.testng.ITestResult)[pri:0, instance:tests.CreateIssueNegativeTest@1aafa419]" started-at="2026-02-19T16:03:39 GMT+04:00" name="tearDown" finished-at="2026-02-19T16:03:40 GMT+04:00" duration-ms="495" status="PASS">
          <params>
            <param index="0">
              <value>
                <![CDATA[[TestResult name=testCreateIssueWithoutRequiredFields status=SUCCESS method=CreateIssueNegativeTest.testCreateIssueWithoutRequiredFields()[pri:0, instance:tests.CreateIssueNegativeTest@1aafa419] output={null}]]]>
              </value>
            </param>
          </params>
          <reporter-output>
          </reporter-output>
        </test-method> <!-- tearDown -->
      </class> <!-- tests.CreateIssueNegativeTest -->
    </test> <!-- Create Issue Negative Tests -->
    <test started-at="2026-02-19T16:03:40 GMT+04:00" name="Create Project Tests" finished-at="2026-02-19T16:03:46 GMT+04:00" duration-ms="5651">
      <class name="tests.CreateProjectTest">
        <test-method is-config="true" signature="setUp()[pri:0, instance:tests.CreateProjectTest@235834f2]" started-at="2026-02-19T16:03:40 GMT+04:00" name="setUp" finished-at="2026-02-19T16:03:41 GMT+04:00" duration-ms="972" status="PASS">
          <reporter-output>
          </reporter-output>
        </test-method> <!-- setUp -->
        <test-method signature="testCreateProjectSuccessfully()[pri:0, instance:tests.CreateProjectTest@235834f2]" started-at="2026-02-19T16:03:41 GMT+04:00" name="testCreateProjectSuccessfully" description="Позитивный тест: Создание нового проекта" finished-at="2026-02-19T16:03:45 GMT+04:00" duration-ms="4230" status="PASS">
          <reporter-output>
          </reporter-output>
        </test-method> <!-- testCreateProjectSuccessfully -->
        <test-method is-config="true" signature="tearDown(org.testng.ITestResult)[pri:0, instance:tests.CreateProjectTest@235834f2]" started-at="2026-02-19T16:03:45 GMT+04:00" name="tearDown" finished-at="2026-02-19T16:03:46 GMT+04:00" duration-ms="446" status="PASS">
          <params>
            <param index="0">
              <value>
                <![CDATA[[TestResult name=testCreateProjectSuccessfully status=SUCCESS method=CreateProjectTest.testCreateProjectSuccessfully()[pri:0, instance:tests.CreateProjectTest@235834f2] output={null}]]]>
              </value>
            </param>
          </params>
          <reporter-output>
          </reporter-output>
        </test-method> <!-- tearDown -->
      </class> <!-- tests.CreateProjectTest -->
    </test> <!-- Create Project Tests -->
  </suite> <!-- YouTrack Selenium Tests Suite -->
</testng-results>
