<?xml version="1.0" encoding="UTF-8"?>
<testng-results ignored="0" total="8" passed="8" failed="0" skipped="0">
  <reporter-output>
  </reporter-output>
  <suite started-at="2026-02-19T13:18:23 GMT+04:00" name="YouTrack Selenium Tests Suite" finished-at="2026-02-19T13:19:36 GMT+04:00" duration-ms="73143">
    <groups>
    </groups>
    <test started-at="2026-02-19T13:18:23 GMT+04:00" name="Login Positive Tests" finished-at="2026-02-19T13:18:27 GMT+04:00" duration-ms="3913">
      <class name="tests.LoginPositiveTest">
        <test-method is-config="true" signature="setUp()[pri:0, instance:tests.LoginPositiveTest@4f6ee6e4]" started-at="2026-02-19T13:18:23 GMT+04:00" name="setUp" finished-at="2026-02-19T13:18:25 GMT+04:00" duration-ms="2114" status="PASS">
          <reporter-output>
          </reporter-output>
        </test-method> <!-- setUp -->
        <test-method signature="testSuccessfulLogin()[pri:0, instance:tests.LoginPositiveTest@4f6ee6e4]" started-at="2026-02-19T13:18:25 GMT+04:00" name="testSuccessfulLogin" description="Позитивный тест: Успешная аутентификация" finished-at="2026-02-19T13:18:26 GMT+04:00" duration-ms="1345" status="PASS">
          <reporter-output>
          </reporter-output>
        </test-method> <!-- testSuccessfulLogin -->
        <test-method is-config="true" signature="tearDown(org.testng.ITestResult)[pri:0, instance:tests.LoginPositiveTest@4f6ee6e4]" started-at="2026-02-19T13:18:26 GMT+04:00" name="tearDown" finished-at="2026-02-19T13:18:27 GMT+04:00" duration-ms="420" status="PASS">
          <params>
            <param index="0">
              <value>
                <![CDATA[[TestResult name=testSuccessfulLogin status=SUCCESS method=LoginPositiveTest.testSuccessfulLogin()[pri:0, instance:tests.LoginPositiveTest@4f6ee6e4] output={null}]]]>
              </value>
            </param>
          </params>
          <reporter-output>
          </reporter-output>
        </test-method> <!-- tearDown -->
      </class> <!-- tests.LoginPositiveTest -->
    </test> <!-- Login Positive Tests -->
    <test started-at="2026-02-19T13:18:27 GMT+04:00" name="Login Negative Tests" finished-at="2026-02-19T13:19:18 GMT+04:00" duration-ms="51094">
      <class name="tests.LoginNegativeTest">
        <test-method is-config="true" signature="setUp()[pri:0, instance:tests.LoginNegativeTest@7cc0cdad]" started-at="2026-02-19T13:18:27 GMT+04:00" name="setUp" finished-at="2026-02-19T13:18:29 GMT+04:00" duration-ms="2250" status="PASS">
          <reporter-output>
          </reporter-output>
        </test-method> <!-- setUp -->
        <test-method signature="testFailedLogin(java.lang.String,java.lang.String)[pri:0, instance:tests.LoginNegativeTest@7cc0cdad]" started-at="2026-02-19T13:18:29 GMT+04:00" name="testFailedLogin" description="Негативный тест: Аутентификация с неверными данными" data-provider="invalidLoginData" finished-at="2026-02-19T13:18:40 GMT+04:00" duration-ms="10820" status="PASS">
          <params>
            <param index="0">
              <value>
                <![CDATA[invalid_user]]>
              </value>
            </param>
            <param index="1">
              <value>
                <![CDATA[wrong_password]]>
              </value>
            </param>
          </params>
          <reporter-output>
          </reporter-output>
        </test-method> <!-- testFailedLogin -->
        <test-method is-config="true" signature="tearDown(org.testng.ITestResult)[pri:0, instance:tests.LoginNegativeTest@7cc0cdad]" started-at="2026-02-19T13:18:40 GMT+04:00" name="tearDown" finished-at="2026-02-19T13:18:40 GMT+04:00" duration-ms="380" status="PASS">
          <params>
            <param index="0">
              <value>
                <![CDATA[[TestResult name=testFailedLogin status=SUCCESS method=LoginNegativeTest.testFailedLogin(java.lang.String,java.lang.String)[pri:0, instance:tests.LoginNegativeTest@7cc0cdad] output={null}]]]>
              </value>
            </param>
          </params>
          <reporter-output>
          </reporter-output>
        </test-method> <!-- tearDown -->
        <test-method is-config="true" signature="setUp()[pri:0, instance:tests.LoginNegativeTest@7cc0cdad]" started-at="2026-02-19T13:18:40 GMT+04:00" name="setUp" finished-at="2026-02-19T13:18:42 GMT+04:00" duration-ms="1420" status="PASS">
          <reporter-output>
          </reporter-output>
        </test-method> <!-- setUp -->
        <test-method signature="testFailedLogin(java.lang.String,java.lang.String)[pri:0, instance:tests.LoginNegativeTest@7cc0cdad]" started-at="2026-02-19T13:18:42 GMT+04:00" name="testFailedLogin" description="Негативный тест: Аутентификация с неверными данными" data-provider="invalidLoginData" finished-at="2026-02-19T13:18:53 GMT+04:00" duration-ms="11088" status="PASS">
          <params>
            <param index="0">
              <value>
                <![CDATA[admin]]>
              </value>
            </param>
            <param index="1">
              <value>
                <![CDATA[wrong_password]]>
              </value>
            </param>
          </params>
          <reporter-output>
          </reporter-output>
        </test-method> <!-- testFailedLogin -->
        <test-method is-config="true" signature="tearDown(org.testng.ITestResult)[pri:0, instance:tests.LoginNegativeTest@7cc0cdad]" started-at="2026-02-19T13:18:53 GMT+04:00" name="tearDown" finished-at="2026-02-19T13:18:53 GMT+04:00" duration-ms="291" status="PASS">
          <params>
            <param index="0">
              <value>
                <![CDATA[[TestResult name=testFailedLogin status=SUCCESS method=LoginNegativeTest.testFailedLogin(java.lang.String,java.lang.String)[pri:0, instance:tests.LoginNegativeTest@7cc0cdad] output={null}]]]>
              </value>
            </param>
          </params>
          <reporter-output>
          </reporter-output>
        </test-method> <!-- tearDown -->
        <test-method is-config="true" signature="setUp()[pri:0, instance:tests.LoginNegativeTest@7cc0cdad]" started-at="2026-02-19T13:18:53 GMT+04:00" name="setUp" finished-at="2026-02-19T13:18:55 GMT+04:00" duration-ms="1404" status="PASS">
          <reporter-output>
          </reporter-output>
        </test-method> <!-- setUp -->
        <test-method signature="testFailedLogin(java.lang.String,java.lang.String)[pri:0, instance:tests.LoginNegativeTest@7cc0cdad]" started-at="2026-02-19T13:18:55 GMT+04:00" name="testFailedLogin" description="Негативный тест: Аутентификация с неверными данными" data-provider="invalidLoginData" finished-at="2026-02-19T13:19:05 GMT+04:00" duration-ms="10647" status="PASS">
          <params>
            <param index="0">
              <value>
                <![CDATA[]]>
              </value>
            </param>
            <param index="1">
              <value>
                <![CDATA[admin12]]>
              </value>
            </param>
          </params>
          <reporter-output>
          </reporter-output>
        </test-method> <!-- testFailedLogin -->
        <test-method is-config="true" signature="tearDown(org.testng.ITestResult)[pri:0, instance:tests.LoginNegativeTest@7cc0cdad]" started-at="2026-02-19T13:19:05 GMT+04:00" name="tearDown" finished-at="2026-02-19T13:19:06 GMT+04:00" duration-ms="384" status="PASS">
          <params>
            <param index="0">
              <value>
                <![CDATA[[TestResult name=testFailedLogin status=SUCCESS method=LoginNegativeTest.testFailedLogin(java.lang.String,java.lang.String)[pri:0, instance:tests.LoginNegativeTest@7cc0cdad] output={null}]]]>
              </value>
            </param>
          </params>
          <reporter-output>
          </reporter-output>
        </test-method> <!-- tearDown -->
        <test-method is-config="true" signature="setUp()[pri:0, instance:tests.LoginNegativeTest@7cc0cdad]" started-at="2026-02-19T13:19:06 GMT+04:00" name="setUp" finished-at="2026-02-19T13:19:07 GMT+04:00" duration-ms="980" status="PASS">
          <reporter-output>
          </reporter-output>
        </test-method> <!-- setUp -->
        <test-method signature="testFailedLogin(java.lang.String,java.lang.String)[pri:0, instance:tests.LoginNegativeTest@7cc0cdad]" started-at="2026-02-19T13:19:07 GMT+04:00" name="testFailedLogin" description="Негативный тест: Аутентификация с неверными данными" data-provider="invalidLoginData" finished-at="2026-02-19T13:19:18 GMT+04:00" duration-ms="11072" status="PASS">
          <params>
            <param index="0">
              <value>
                <![CDATA[admin]]>
              </value>
            </param>
            <param index="1">
              <value>
                <![CDATA[]]>
              </value>
            </param>
          </params>
          <reporter-output>
          </reporter-output>
        </test-method> <!-- testFailedLogin -->
        <test-method is-config="true" signature="tearDown(org.testng.ITestResult)[pri:0, instance:tests.LoginNegativeTest@7cc0cdad]" started-at="2026-02-19T13:19:18 GMT+04:00" name="tearDown" finished-at="2026-02-19T13:19:18 GMT+04:00" duration-ms="343" status="PASS">
          <params>
            <param index="0">
              <value>
                <![CDATA[[TestResult name=testFailedLogin status=SUCCESS method=LoginNegativeTest.testFailedLogin(java.lang.String,java.lang.String)[pri:0, instance:tests.LoginNegativeTest@7cc0cdad] output={null}]]]>
              </value>
            </param>
          </params>
          <reporter-output>
          </reporter-output>
        </test-method> <!-- tearDown -->
      </class> <!-- tests.LoginNegativeTest -->
    </test> <!-- Login Negative Tests -->
    <test started-at="2026-02-19T13:19:18 GMT+04:00" name="Create Issue Positive Tests" finished-at="2026-02-19T13:19:25 GMT+04:00" duration-ms="6786">
      <class name="tests.CreateIssuePositiveTest">
        <test-method is-config="true" signature="setUp()[pri:0, instance:tests.CreateIssuePositiveTest@4c583ecf]" started-at="2026-02-19T13:19:18 GMT+04:00" name="setUp" finished-at="2026-02-19T13:19:19 GMT+04:00" duration-ms="985" status="PASS">
          <reporter-output>
          </reporter-output>
        </test-method> <!-- setUp -->
        <test-method signature="testCreateIssueSuccessfully()[pri:0, instance:tests.CreateIssuePositiveTest@4c583ecf]" started-at="2026-02-19T13:19:19 GMT+04:00" name="testCreateIssueSuccessfully" description="Позитивный тест: Создание новой задачи" finished-at="2026-02-19T13:19:24 GMT+04:00" duration-ms="5467" status="PASS">
          <reporter-output>
          </reporter-output>
        </test-method> <!-- testCreateIssueSuccessfully -->
        <test-method is-config="true" signature="tearDown(org.testng.ITestResult)[pri:0, instance:tests.CreateIssuePositiveTest@4c583ecf]" started-at="2026-02-19T13:19:24 GMT+04:00" name="tearDown" finished-at="2026-02-19T13:19:25 GMT+04:00" duration-ms="329" status="PASS">
          <params>
            <param index="0">
              <value>
                <![CDATA[[TestResult name=testCreateIssueSuccessfully status=SUCCESS method=CreateIssuePositiveTest.testCreateIssueSuccessfully()[pri:0, instance:tests.CreateIssuePositiveTest@4c583ecf] output={null}]]]>
              </value>
            </param>
          </params>
          <reporter-output>
          </reporter-output>
        </test-method> <!-- tearDown -->
      </class> <!-- tests.CreateIssuePositiveTest -->
    </test> <!-- Create Issue Positive Tests -->
    <test started-at="2026-02-19T13:19:25 GMT+04:00" name="Create Issue Negative Tests" finished-at="2026-02-19T13:19:30 GMT+04:00" duration-ms="5690">
      <class name="tests.CreateIssueNegativeTest">
        <test-method is-config="true" signature="setUp()[pri:0, instance:tests.CreateIssueNegativeTest@1aafa419]" started-at="2026-02-19T13:19:25 GMT+04:00" name="setUp" finished-at="2026-02-19T13:19:26 GMT+04:00" duration-ms="1584" status="PASS">
          <reporter-output>
          </reporter-output>
        </test-method> <!-- setUp -->
        <test-method signature="testCreateIssueWithoutRequiredFields()[pri:0, instance:tests.CreateIssueNegativeTest@1aafa419]" started-at="2026-02-19T13:19:26 GMT+04:00" name="testCreateIssueWithoutRequiredFields" description="Негативный тест: Создание задачи без обязательных полей" finished-at="2026-02-19T13:19:30 GMT+04:00" duration-ms="3770" status="PASS">
          <reporter-output>
          </reporter-output>
        </test-method> <!-- testCreateIssueWithoutRequiredFields -->
        <test-method is-config="true" signature="tearDown(org.testng.ITestResult)[pri:0, instance:tests.CreateIssueNegativeTest@1aafa419]" started-at="2026-02-19T13:19:30 GMT+04:00" name="tearDown" finished-at="2026-02-19T13:19:30 GMT+04:00" duration-ms="332" status="PASS">
          <params>
            <param index="0">
              <value>
                <![CDATA[[TestResult name=testCreateIssueWithoutRequiredFields status=SUCCESS method=CreateIssueNegativeTest.testCreateIssueWithoutRequiredFields()[pri:0, instance:tests.CreateIssueNegativeTest@1aafa419] output={null}]]]>
              </value>
            </param>
          </params>
          <reporter-output>
          </reporter-output>
        </test-method> <!-- tearDown -->
      </class> <!-- tests.CreateIssueNegativeTest -->
    </test> <!-- Create Issue Negative Tests -->
    <test started-at="2026-02-19T13:19:30 GMT+04:00" name="Create Project Tests" finished-at="2026-02-19T13:19:36 GMT+04:00" duration-ms="5632">
      <class name="tests.CreateProjectTest">
        <test-method is-config="true" signature="setUp()[pri:0, instance:tests.CreateProjectTest@235834f2]" started-at="2026-02-19T13:19:30 GMT+04:00" name="setUp" finished-at="2026-02-19T13:19:32 GMT+04:00" duration-ms="1525" status="PASS">
          <reporter-output>
          </reporter-output>
        </test-method> <!-- setUp -->
        <test-method signature="testCreateProjectSuccessfully()[pri:0, instance:tests.CreateProjectTest@235834f2]" started-at="2026-02-19T13:19:32 GMT+04:00" name="testCreateProjectSuccessfully" description="Позитивный тест: Создание нового проекта" finished-at="2026-02-19T13:19:36 GMT+04:00" duration-ms="3769" status="PASS">
          <reporter-output>
          </reporter-output>
        </test-method> <!-- testCreateProjectSuccessfully -->
        <test-method is-config="true" signature="tearDown(org.testng.ITestResult)[pri:0, instance:tests.CreateProjectTest@235834f2]" started-at="2026-02-19T13:19:36 GMT+04:00" name="tearDown" finished-at="2026-02-19T13:19:36 GMT+04:00" duration-ms="335" status="PASS">
          <params>
            <param index="0">
              <value>
                <![CDATA[[TestResult name=testCreateProjectSuccessfully status=SUCCESS method=CreateProjectTest.testCreateProjectSuccessfully()[pri:0, instance:tests.CreateProjectTest@235834f2] output={null}]]]>
              </value>
            </param>
          </params>
          <reporter-output>
          </reporter-output>
        </test-method> <!-- tearDown -->
      </class> <!-- tests.CreateProjectTest -->
    </test> <!-- Create Project Tests -->
  </suite> <!-- YouTrack Selenium Tests Suite -->
</testng-results>
