<?xml version="1.0" encoding="UTF-8"?>
<!-- Generated by org.testng.reporters.JUnitReportReporter -->
<testsuite hostname="MSI" failures="0" tests="4" name="tests.LoginNegativeTest" time="51.079" errors="0" timestamp="2026-02-19T13:19:36 GMT+04:00" skipped="0">
  <testcase classname="tests.LoginNegativeTest" name="testFailedLogin" time="11.970"/>
  <testcase classname="tests.LoginNegativeTest" name="testFailedLogin" time="12.860"/>
  <testcase classname="tests.LoginNegativeTest" name="testFailedLogin" time="13.718"/>
  <testcase classname="tests.LoginNegativeTest" name="testFailedLogin" time="12.531"/>
</testsuite> <!-- tests.LoginNegativeTest -->
