<?xml version="1.0" encoding="UTF-8"?>
<!-- Generated by org.testng.reporters.JUnitReportReporter -->
<testsuite hostname="MSI" failures="0" tests="4" name="tests.LoginNegativeTest" time="49.143" errors="0" timestamp="2026-02-19T14:09:37 GMT+04:00" skipped="0">
  <testcase classname="tests.LoginNegativeTest" name="testFailedLogin" time="12.184"/>
  <testcase classname="tests.LoginNegativeTest" name="testFailedLogin" time="12.191"/>
  <testcase classname="tests.LoginNegativeTest" name="testFailedLogin" time="12.310"/>
  <testcase classname="tests.LoginNegativeTest" name="testFailedLogin" time="12.458"/>
</testsuite> <!-- tests.LoginNegativeTest -->
