<?xml version="1.0" encoding="UTF-8"?>
<!-- Generated by org.testng.reporters.JUnitXMLReporter -->
<testsuite ignored="0" hostname="MSI" failures="1" tests="1" name="Create Issue Negative Tests" time="2.719" errors="0" timestamp="2026-02-19T14:09:30 GMT+04:00">
  <testcase classname="tests.CreateIssueNegativeTest" name="testCreateIssueWithoutRequiredFields" time="1.107">
    <failure type="java.lang.IllegalMonitorStateException" message="current thread is not owner">
      <![CDATA[java.lang.IllegalMonitorStateException: current thread is not owner
at java.base/java.lang.Object.wait0(Native Method)
at java.base/java.lang.Object.wait(Object.java:378)
at java.base/java.lang.Object.wait(Object.java:352)
at tests.CreateIssueNegativeTest.testCreateIssueWithoutRequiredFields(CreateIssueNegativeTest.java:21)
at java.base/java.util.concurrent.ThreadPoolExecutor.runWorker(ThreadPoolExecutor.java:1144)
at java.base/java.util.concurrent.ThreadPoolExecutor$Worker.run(ThreadPoolExecutor.java:642)
at java.base/java.lang.Thread.run(Thread.java:1575)
... Removed 10 stack frames]]>
    </failure>
  </testcase> <!-- testCreateIssueWithoutRequiredFields -->
</testsuite> <!-- Create Issue Negative Tests -->
