<?xml version="1.0" encoding="UTF-8"?>
<!-- Generated by org.testng.reporters.JUnitXMLReporter -->
<testsuite ignored="0" hostname="MSI" failures="0" tests="4" name="Login Negative Tests" time="49.158" errors="0" timestamp="2026-02-19T14:09:21 GMT+04:00">
  <testcase classname="tests.LoginNegativeTest" name="testFailedLogin" time="10.746"/>
  <testcase classname="tests.LoginNegativeTest" name="testFailedLogin" time="10.961"/>
  <testcase classname="tests.LoginNegativeTest" name="testFailedLogin" time="10.696"/>
  <testcase classname="tests.LoginNegativeTest" name="testFailedLogin" time="10.645"/>
</testsuite> <!-- Login Negative Tests -->
