<?xml version="1.0" encoding="UTF-8"?>
<!-- Generated by org.testng.reporters.JUnitXMLReporter -->
<testsuite ignored="0" hostname="MSI" failures="0" tests="4" name="Login Negative Tests" time="49.321" errors="0" timestamp="2026-02-19T15:58:16 GMT+04:00">
  <testcase classname="tests.LoginNegativeTest" name="testFailedLogin" time="10.813"/>
  <testcase classname="tests.LoginNegativeTest" name="testFailedLogin" time="11.562"/>
  <testcase classname="tests.LoginNegativeTest" name="testFailedLogin" time="10.607"/>
  <testcase classname="tests.LoginNegativeTest" name="testFailedLogin" time="10.539"/>
</testsuite> <!-- Login Negative Tests -->
